<?xml version="1.0" encoding="UTF-8" ?>
<testsuite failures="0" time="0.015" errors="0" skipped="0" tests="11" name="czx_project.TestTrainProble">
  <properties>
    <property name="java.runtime.name" value="Java(TM) SE Runtime Environment"/>
    <property name="sun.boot.library.path" value="D:\develop\Java\jdk1.6.0_45\jre\bin"/>
    <property name="java.vm.version" value="20.45-b01"/>
    <property name="java.vm.vendor" value="Sun Microsystems Inc."/>
    <property name="java.vendor.url" value="http://java.sun.com/"/>
    <property name="path.separator" value=";"/>
    <property name="guice.disable.misplaced.annotation.check" value="true"/>
    <property name="java.vm.name" value="Java HotSpot(TM) 64-Bit Server VM"/>
    <property name="file.encoding.pkg" value="sun.io"/>
    <property name="user.country" value="CN"/>
    <property name="sun.java.launcher" value="SUN_STANDARD"/>
    <property name="sun.os.patch.level" value="Service Pack 1"/>
    <property name="java.vm.specification.name" value="Java Virtual Machine Specification"/>
    <property name="user.dir" value="D:\develop\yunxinagworkspace\czx_project"/>
    <property name="java.runtime.version" value="1.6.0_45-b06"/>
    <property name="java.awt.graphicsenv" value="sun.awt.Win32GraphicsEnvironment"/>
    <property name="java.endorsed.dirs" value="D:\develop\Java\jdk1.6.0_45\jre\lib\endorsed"/>
    <property name="os.arch" value="amd64"/>
    <property name="java.io.tmpdir" value="C:\Users\ADMINI~1\AppData\Local\Temp\"/>
    <property name="line.separator" value="
"/>
    <property name="java.vm.specification.vendor" value="Sun Microsystems Inc."/>
    <property name="user.variant" value=""/>
    <property name="os.name" value="Windows 7"/>
    <property name="classworlds.conf" value="D:\develop\yunxinagworkspace\.metadata\.plugins\org.eclipse.m2e.launching\launches\m2conf5544971353310271649.tmp"/>
    <property name="sun.jnu.encoding" value="GBK"/>
    <property name="java.library.path" value="D:\develop\Java\jdk1.6.0_45\bin;C:\Windows\Sun\Java\bin;C:\Windows\system32;C:\Windows;E:\python\;E:\;的软件\pathon\Scripts;%J;VA_HOME%\bin;D:\develop\apache-maven-3.2.5\bin;C:\Windows\system32;C:\Windows;C:\Windows\System32\Wbem;C:\Windows\System32\WindowsPowerShell\v1.0\;C:\Program Files (x86)\Windows7Master;D:\Program Files (x86)\MySQL\MySQL Server 5.5\bin;C:\Program Files (x86)\IDM Computer Solutions\UltraEdit;E:\我的软件\bin;E:\;的软件\pathon;E:;我的软件\pathon\Scripts;;;D:\Git\Git\cmd;D:\NodeJs\;C:\Users\Administrator\AppData\Roaming\npm;."/>
    <property name="java.specification.name" value="Java Platform API Specification"/>
    <property name="java.class.version" value="50.0"/>
    <property name="sun.management.compiler" value="HotSpot 64-Bit Tiered Compilers"/>
    <property name="os.version" value="6.1"/>
    <property name="user.home" value="C:\Users\Administrator"/>
    <property name="user.timezone" value="Asia/Shanghai"/>
    <property name="java.awt.printerjob" value="sun.awt.windows.WPrinterJob"/>
    <property name="file.encoding" value="GBK"/>
    <property name="java.specification.version" value="1.6"/>
    <property name="user.name" value="Administrator"/>
    <property name="java.class.path" value="/E:/我的软件/eclipse/plugins/org.eclipse.m2e.maven.runtime_1.5.0.20140605-2032/jars/plexus-classworlds-2.5.1.jar"/>
    <property name="org.slf4j.simpleLogger.defaultLogLevel" value="info"/>
    <property name="java.vm.specification.version" value="1.0"/>
    <property name="sun.arch.data.model" value="64"/>
    <property name="java.home" value="D:\develop\Java\jdk1.6.0_45\jre"/>
    <property name="sun.java.command" value="org.codehaus.plexus.classworlds.launcher.Launcher -B install"/>
    <property name="java.specification.vendor" value="Sun Microsystems Inc."/>
    <property name="user.language" value="zh"/>
    <property name="awt.toolkit" value="sun.awt.windows.WToolkit"/>
    <property name="java.vm.info" value="mixed mode"/>
    <property name="java.version" value="1.6.0_45"/>
    <property name="java.ext.dirs" value="D:\develop\Java\jdk1.6.0_45\jre\lib\ext;C:\Windows\Sun\Java\lib\ext"/>
    <property name="sun.boot.class.path" value="D:\develop\Java\jdk1.6.0_45\jre\lib\resources.jar;D:\develop\Java\jdk1.6.0_45\jre\lib\rt.jar;D:\develop\Java\jdk1.6.0_45\jre\lib\sunrsasign.jar;D:\develop\Java\jdk1.6.0_45\jre\lib\jsse.jar;D:\develop\Java\jdk1.6.0_45\jre\lib\jce.jar;D:\develop\Java\jdk1.6.0_45\jre\lib\charsets.jar;D:\develop\Java\jdk1.6.0_45\jre\lib\modules\jdk.boot.jar;D:\develop\Java\jdk1.6.0_45\jre\classes"/>
    <property name="java.vendor" value="Sun Microsystems Inc."/>
    <property name="maven.home" value="D:\develop\yunxinagworkspace\czx_project\EMBEDDED"/>
    <property name="file.separator" value="\"/>
    <property name="java.vendor.url.bug" value="http://java.sun.com/cgi-bin/bugreport.cgi"/>
    <property name="sun.cpu.endian" value="little"/>
    <property name="sun.io.unicode.encoding" value="UnicodeLittle"/>
    <property name="sun.desktop" value="windows"/>
    <property name="sun.cpu.isalist" value="amd64"/>
  </properties>
  <testcase time="0.003" classname="czx_project.TestTrainProble" name="test"/>
  <testcase time="0.002" classname="czx_project.TestTrainProble" name="test1"/>
  <testcase time="0.001" classname="czx_project.TestTrainProble" name="test2"/>
  <testcase time="0.001" classname="czx_project.TestTrainProble" name="test3"/>
  <testcase time="0.001" classname="czx_project.TestTrainProble" name="test4"/>
  <testcase time="0.002" classname="czx_project.TestTrainProble" name="test5"/>
  <testcase time="0.001" classname="czx_project.TestTrainProble" name="test6"/>
  <testcase time="0.001" classname="czx_project.TestTrainProble" name="test7"/>
  <testcase time="0.001" classname="czx_project.TestTrainProble" name="test8"/>
  <testcase time="0.001" classname="czx_project.TestTrainProble" name="test9"/>
  <testcase time="0.001" classname="czx_project.TestTrainProble" name="test10"/>
</testsuite>